<?xml version="1.0" encoding="UTF-8"?>
<testng-results skipped="0" failed="0" ignored="0" total="3" passed="3">
  <reporter-output>
  </reporter-output>
  <suite name="Default suite" duration-ms="123081" started-at="2020-07-19T10:08:45Z" finished-at="2020-07-19T10:10:48Z">
    <groups>
    </groups>
    <test name="Default test" duration-ms="123081" started-at="2020-07-19T10:08:45Z" finished-at="2020-07-19T10:10:48Z">
      <class name="testng.SeleniumApp">
        <test-method status="PASS" signature="setUp()[pri:0, instance:testng.SeleniumApp@6fd02e5]" name="setUp" is-config="true" duration-ms="24934" started-at="2020-07-19T10:08:45Z" finished-at="2020-07-19T10:09:10Z">
          <reporter-output>
          </reporter-output>
        </test-method> <!-- setUp -->
        <test-method status="PASS" signature="CreateAccount()[pri:0, instance:testng.SeleniumApp@6fd02e5]" name="CreateAccount" duration-ms="16432" started-at="2020-07-19T10:09:10Z" finished-at="2020-07-19T10:09:27Z">
          <reporter-output>
          </reporter-output>
        </test-method> <!-- CreateAccount -->
        <test-method status="PASS" signature="quitApp()[pri:0, instance:testng.SeleniumApp@6fd02e5]" name="quitApp" is-config="true" duration-ms="1113" started-at="2020-07-19T10:09:27Z" finished-at="2020-07-19T10:09:28Z">
          <reporter-output>
          </reporter-output>
        </test-method> <!-- quitApp -->
        <test-method status="PASS" signature="setUp()[pri:0, instance:testng.SeleniumApp@6fd02e5]" name="setUp" is-config="true" duration-ms="22988" started-at="2020-07-19T10:09:28Z" finished-at="2020-07-19T10:09:51Z">
          <reporter-output>
          </reporter-output>
        </test-method> <!-- setUp -->
        <test-method status="PASS" signature="SignIn()[pri:1, instance:testng.SeleniumApp@6fd02e5]" name="SignIn" duration-ms="21704" started-at="2020-07-19T10:09:51Z" finished-at="2020-07-19T10:10:13Z">
          <reporter-output>
          </reporter-output>
        </test-method> <!-- SignIn -->
        <test-method status="PASS" signature="quitApp()[pri:0, instance:testng.SeleniumApp@6fd02e5]" name="quitApp" is-config="true" duration-ms="1371" started-at="2020-07-19T10:10:13Z" finished-at="2020-07-19T10:10:14Z">
          <reporter-output>
          </reporter-output>
        </test-method> <!-- quitApp -->
        <test-method status="PASS" signature="setUp()[pri:0, instance:testng.SeleniumApp@6fd02e5]" name="setUp" is-config="true" duration-ms="30173" started-at="2020-07-19T10:10:14Z" finished-at="2020-07-19T10:10:44Z">
          <reporter-output>
          </reporter-output>
        </test-method> <!-- setUp -->
        <test-method status="PASS" signature="Search()[pri:2, instance:testng.SeleniumApp@6fd02e5]" name="Search" duration-ms="3360" started-at="2020-07-19T10:10:44Z" finished-at="2020-07-19T10:10:48Z">
          <reporter-output>
          </reporter-output>
        </test-method> <!-- Search -->
        <test-method status="PASS" signature="quitApp()[pri:0, instance:testng.SeleniumApp@6fd02e5]" name="quitApp" is-config="true" duration-ms="889" started-at="2020-07-19T10:10:48Z" finished-at="2020-07-19T10:10:48Z">
          <reporter-output>
          </reporter-output>
        </test-method> <!-- quitApp -->
      </class> <!-- testng.SeleniumApp -->
    </test> <!-- Default test -->
  </suite> <!-- Default suite -->
</testng-results>
