<?xml version="1.0" encoding="UTF-8"?>
<!-- Generated by org.testng.reporters.JUnitXMLReporter -->
<testsuite hostname="ROJA-PC" ignored="0" name="Default test" tests="3" failures="0" timestamp="19 Jul 2020 10:10:48 GMT" time="123.081" errors="0">
  <testcase name="CreateAccount" time="16.432" classname="testng.SeleniumApp"/>
  <testcase name="SignIn" time="21.704" classname="testng.SeleniumApp"/>
  <testcase name="Search" time="3.36" classname="testng.SeleniumApp"/>
</testsuite> <!-- Default test -->
